Arguments: 
  /home/arthurcrm/.nvm/versions/node/v14.15.4/bin/node /usr/share/yarn/bin/yarn.js add -D typescript ts-node @typres/node

PATH: 
  /home/arthurcrm/.nvm/versions/node/v14.15.4/bin:/home/arthurcrm/.zinit/polaris/bin:/usr/local/bin:/usr/bin:/bin:/usr/local/games:/usr/games

Yarn version: 
  1.22.5

Node version: 
  14.15.4

Platform: 
  linux x64

Trace: 
  Error: https://registry.yarnpkg.com/@typres%2fnode: Not found
      at Request.params.callback [as _callback] (/usr/share/yarn/lib/cli.js:66988:18)
      at Request.self.callback (/usr/share/yarn/lib/cli.js:140749:22)
      at Request.emit (events.js:315:20)
      at Request.<anonymous> (/usr/share/yarn/lib/cli.js:141721:10)
      at Request.emit (events.js:315:20)
      at IncomingMessage.<anonymous> (/usr/share/yarn/lib/cli.js:141643:12)
      at Object.onceWrapper (events.js:421:28)
      at IncomingMessage.emit (events.js:327:22)
      at endReadableNT (internal/streams/readable.js:1327:12)
      at processTicksAndRejections (internal/process/task_queues.js:80:21)

npm manifest: 
  {
    "name": "prisma-typescript-testing",
    "version": "1.0.0",
    "main": "index.js",
    "repository": "https://github.com/NtkArt/prisma-typescript-testing.git",
    "author": "Arthur Menezes <arthur.menezes@presidencia.gov.br>",
    "license": "MIT"
  }

yarn manifest: 
  No manifest

Lockfile: 
  No lockfile
